newman

ProductService

→ PostFirstProduct
  POST localhost:7001/product [200 OK, 201B, 1061ms]
  √  Status code is 200

→ GetOneProduct
  GET localhost:7001/product/1 [200 OK, 201B, 46ms]
  √  Status code is 200
  √  Your test name

→ PostSecondProduct
  POST localhost:7001/product [200 OK, 203B, 29ms]
  √  Status code is 200

→ GetAllProducts
  GET localhost:7001/product [200 OK, 243B, 205ms]
  √  Status code is 200

→ PutProduct1
  PUT localhost:7001/product/1 [200 OK, 202B, 26ms]
  √  Status code is 200

→ GetOneProductAfterPut
  GET localhost:7001/product/1 [200 OK, 202B, 12ms]
  √  Status code is 200
  √  Your test name

→ DeleteProduct1
  DELETE localhost:7001/product/1 [200 OK, 123B, 22ms]
  √  Status code is 200

→ CloseProductService
  POST localhost:7001/actuator/shutdown [200 OK, 227B, 17ms]
  √  Status code is 200
  √  Your test name

┌─────────────────────────┬─────────────────────┬────────────────────┐
│                         │            executed │             failed │
├─────────────────────────┼─────────────────────┼────────────────────┤
│              iterations │                   1 │                  0 │
├─────────────────────────┼─────────────────────┼────────────────────┤
│                requests │                   8 │                  0 │
├─────────────────────────┼─────────────────────┼────────────────────┤
│            test-scripts │                   8 │                  0 │
├─────────────────────────┼─────────────────────┼────────────────────┤
│      prerequest-scripts │                   0 │                  0 │
├─────────────────────────┼─────────────────────┼────────────────────┤
│              assertions │                  11 │                  0 │
├─────────────────────────┴─────────────────────┴────────────────────┤
│ total run duration: 2s                                             │
├────────────────────────────────────────────────────────────────────┤
│ total data received: 303B (approx)                                 │
├────────────────────────────────────────────────────────────────────┤
│ average response time: 177ms [min: 12ms, max: 1061ms, s.d.: 339ms] │
└────────────────────────────────────────────────────────────────────┘
